<?xml version="1.0" encoding="UTF-8"?>
<!-- Generated by org.testng.reporters.JUnitReportReporter -->
<testsuite skipped="0" hostname="TYIN-PC" name="jar.LoginTest" tests="1" failures="0" timestamp="15 May 2019 04:47:50 GMT" time="7.845" errors="0">
  <testcase name="LoginAPP" time="7.845" classname="jar.LoginTest"/>
</testsuite> <!-- jar.LoginTest -->
