<?xml version="1.0" encoding="UTF-8"?>
<!-- Generated by org.testng.reporters.JUnitReportReporter -->
<testsuite skipped="0" hostname="TYIN-PC" name="jar.MobileAPP" tests="3" failures="0" timestamp="14 May 2019 11:21:06 GMT" time="0.004" errors="0">
  <testcase name="Mobilesignout" time="0.000" classname="jar.MobileAPP"/>
  <testcase name="MobileLogin" time="0.002" classname="jar.MobileAPP"/>
  <testcase name="Mobileinit" time="0.002" classname="jar.MobileAPP"/>
</testsuite> <!-- jar.MobileAPP -->
