<?xml version="1.0" encoding="UTF-8"?>
<!-- Generated by org.testng.reporters.JUnitReportReporter -->
<testsuite skipped="0" hostname="TYIN-PC" name="jar.testBase" tests="1" failures="0" timestamp="15 May 2019 00:49:34 GMT" time="0.020" errors="0">
  <testcase name="setup" time="0.020" classname="jar.testBase"/>
</testsuite> <!-- jar.testBase -->
