<?xml version="1.0" encoding="UTF-8"?>
<!-- Generated by org.testng.reporters.JUnitReportReporter -->
<testsuite skipped="0" hostname="TYIN-PC" name="jar.WebAPP" tests="3" failures="0" timestamp="14 May 2019 11:21:06 GMT" time="0.017" errors="0">
  <testcase name="Webinit" time="0.001" classname="jar.WebAPP"/>
  <testcase name="Websignout" time="0.000" classname="jar.WebAPP"/>
  <testcase name="WebLogin" time="0.016" classname="jar.WebAPP"/>
</testsuite> <!-- jar.WebAPP -->
