<?xml version="1.0" encoding="UTF-8"?>
<!-- Generated by org.testng.reporters.JUnitReportReporter -->
<testsuite hostname="TonyYin-pc" failures="0" tests="1" name="jar.LoginTest" time="3.357" errors="0" timestamp="10 6æœˆ 2019 09:56:39 GMT" skipped="0">
  <testcase classname="jar.LoginTest" name="LoginAPP" time="3.357"/>
</testsuite> <!-- jar.LoginTest -->
