<?xml version="1.0" encoding="UTF-8"?>
<!-- Generated by org.testng.reporters.JUnitReportReporter -->
<testsuite hostname="TonyYin-pc" failures="0" tests="1" name="jar.SignOutTest" time="0.146" errors="0" timestamp="10 6æœˆ 2019 06:26:00 GMT" skipped="0">
  <testcase classname="jar.SignOutTest" name="SignOutAPP" time="0.146"/>
</testsuite> <!-- jar.SignOutTest -->
